  EmailServer.cpp
c:\users\evan\source\repos\emailserver\emailserver\emailserver.cpp(16): error C2039: 'string': is not a member of 'std'
  c:\users\evan\source\repos\emailserver\emailserver\predefined c++ types (compiler internal)(238): note: see declaration of 'std'
c:\users\evan\source\repos\emailserver\emailserver\emailserver.cpp(16): error C2065: 'string': undeclared identifier
c:\users\evan\source\repos\emailserver\emailserver\emailserver.cpp(16): error C2146: syntax error: missing ')' before identifier 'username'
c:\users\evan\source\repos\emailserver\emailserver\emailserver.cpp(16): error C2039: 'ostream': is not a member of 'std'
  c:\users\evan\source\repos\emailserver\emailserver\predefined c++ types (compiler internal)(238): note: see declaration of 'std'
c:\users\evan\source\repos\emailserver\emailserver\emailserver.cpp(17): error C2039: 'string': is not a member of 'std'
  c:\users\evan\source\repos\emailserver\emailserver\predefined c++ types (compiler internal)(238): note: see declaration of 'std'
c:\users\evan\source\repos\emailserver\emailserver\emailserver.cpp(17): error C2065: 'string': undeclared identifier
c:\users\evan\source\repos\emailserver\emailserver\emailserver.cpp(17): error C2146: syntax error: missing ')' before identifier 'username'
c:\users\evan\source\repos\emailserver\emailserver\emailserver.cpp(20): error C2039: 'string': is not a member of 'std'
  c:\users\evan\source\repos\emailserver\emailserver\predefined c++ types (compiler internal)(238): note: see declaration of 'std'
c:\users\evan\source\repos\emailserver\emailserver\emailserver.cpp(20): error C4430: missing type specifier - int assumed. Note: C++ does not support default-int
c:\users\evan\source\repos\emailserver\emailserver\emailserver.cpp(20): error C2146: syntax error: missing ';' before identifier 'GetUserFile'
c:\users\evan\source\repos\emailserver\emailserver\emailserver.cpp(21): error C2039: 'string': is not a member of 'std'
  c:\users\evan\source\repos\emailserver\emailserver\predefined c++ types (compiler internal)(238): note: see declaration of 'std'
c:\users\evan\source\repos\emailserver\emailserver\emailserver.cpp(21): error C4430: missing type specifier - int assumed. Note: C++ does not support default-int
c:\users\evan\source\repos\emailserver\emailserver\emailserver.cpp(21): error C2086: 'int string': redefinition
  c:\users\evan\source\repos\emailserver\emailserver\emailserver.cpp(20): note: see declaration of 'string'
c:\users\evan\source\repos\emailserver\emailserver\emailserver.cpp(21): error C2146: syntax error: missing ';' before identifier 'GetInboxFile'
c:\users\evan\source\repos\emailserver\emailserver\emailserver.cpp(22): error C2039: 'string': is not a member of 'std'
  c:\users\evan\source\repos\emailserver\emailserver\predefined c++ types (compiler internal)(238): note: see declaration of 'std'
c:\users\evan\source\repos\emailserver\emailserver\emailserver.cpp(22): error C4430: missing type specifier - int assumed. Note: C++ does not support default-int
c:\users\evan\source\repos\emailserver\emailserver\emailserver.cpp(22): error C2086: 'int string': redefinition
  c:\users\evan\source\repos\emailserver\emailserver\emailserver.cpp(20): note: see declaration of 'string'
c:\users\evan\source\repos\emailserver\emailserver\emailserver.cpp(22): error C2146: syntax error: missing ';' before identifier 'GetLine'
c:\users\evan\source\repos\emailserver\emailserver\emailserver.cpp(22): error C2039: 'istream': is not a member of 'std'
  c:\users\evan\source\repos\emailserver\emailserver\predefined c++ types (compiler internal)(238): note: see declaration of 'std'
c:\users\evan\source\repos\emailserver\emailserver\emailserver.cpp(23): error C2039: 'string': is not a member of 'std'
  c:\users\evan\source\repos\emailserver\emailserver\predefined c++ types (compiler internal)(238): note: see declaration of 'std'
c:\users\evan\source\repos\emailserver\emailserver\emailserver.cpp(23): error C2146: syntax error: missing ')' before identifier 'username'
c:\users\evan\source\repos\emailserver\emailserver\emailserver.cpp(24): error C2039: 'string': is not a member of 'std'
  c:\users\evan\source\repos\emailserver\emailserver\predefined c++ types (compiler internal)(238): note: see declaration of 'std'
c:\users\evan\source\repos\emailserver\emailserver\emailserver.cpp(24): error C2146: syntax error: missing ')' before identifier 'username'
c:\users\evan\source\repos\emailserver\emailserver\emailserver.cpp(25): error C2039: 'string': is not a member of 'std'
  c:\users\evan\source\repos\emailserver\emailserver\predefined c++ types (compiler internal)(238): note: see declaration of 'std'
c:\users\evan\source\repos\emailserver\emailserver\emailserver.cpp(25): error C4430: missing type specifier - int assumed. Note: C++ does not support default-int
c:\users\evan\source\repos\emailserver\emailserver\emailserver.cpp(25): error C2086: 'int string': redefinition
  c:\users\evan\source\repos\emailserver\emailserver\emailserver.cpp(20): note: see declaration of 'string'
c:\users\evan\source\repos\emailserver\emailserver\emailserver.cpp(25): error C2146: syntax error: missing ';' before identifier 'FormatEmailString'
c:\users\evan\source\repos\emailserver\emailserver\emailserver.cpp(26): error C2039: 'string': is not a member of 'std'
  c:\users\evan\source\repos\emailserver\emailserver\predefined c++ types (compiler internal)(238): note: see declaration of 'std'
c:\users\evan\source\repos\emailserver\emailserver\emailserver.cpp(26): error C2146: syntax error: missing ')' before identifier 'username'
c:\users\evan\source\repos\emailserver\emailserver\emailserver.cpp(27): error C2039: 'string': is not a member of 'std'
  c:\users\evan\source\repos\emailserver\emailserver\predefined c++ types (compiler internal)(238): note: see declaration of 'std'
c:\users\evan\source\repos\emailserver\emailserver\emailserver.cpp(27): error C4430: missing type specifier - int assumed. Note: C++ does not support default-int
c:\users\evan\source\repos\emailserver\emailserver\emailserver.cpp(27): error C2086: 'int string': redefinition
  c:\users\evan\source\repos\emailserver\emailserver\emailserver.cpp(20): note: see declaration of 'string'
c:\users\evan\source\repos\emailserver\emailserver\emailserver.cpp(27): error C2146: syntax error: missing ';' before identifier 'GetPassword'
c:\users\evan\source\repos\emailserver\emailserver\emailserver.cpp(37): error C2039: 'cin': is not a member of 'std'
  c:\users\evan\source\repos\emailserver\emailserver\predefined c++ types (compiler internal)(238): note: see declaration of 'std'
c:\users\evan\source\repos\emailserver\emailserver\emailserver.cpp(37): error C2065: 'cin': undeclared identifier
c:\users\evan\source\repos\emailserver\emailserver\emailserver.cpp(37): error C2228: left of '.get' must have class/struct/union
  c:\users\evan\source\repos\emailserver\emailserver\emailserver.cpp(37): note: type is 'unknown-type'
c:\users\evan\source\repos\emailserver\emailserver\emailserver.cpp(47): error C2039: 'string': is not a member of 'std'
  c:\users\evan\source\repos\emailserver\emailserver\predefined c++ types (compiler internal)(238): note: see declaration of 'std'
c:\users\evan\source\repos\emailserver\emailserver\emailserver.cpp(47): error C2146: syntax error: missing ';' before identifier 'input'
c:\users\evan\source\repos\emailserver\emailserver\emailserver.cpp(47): error C2065: 'input': undeclared identifier
c:\users\evan\source\repos\emailserver\emailserver\emailserver.cpp(50): error C2065: 'input': undeclared identifier
c:\users\evan\source\repos\emailserver\emailserver\emailserver.cpp(52): error C2039: 'cout': is not a member of 'std'
  c:\users\evan\source\repos\emailserver\emailserver\predefined c++ types (compiler internal)(238): note: see declaration of 'std'
c:\users\evan\source\repos\emailserver\emailserver\emailserver.cpp(52): error C2065: 'cout': undeclared identifier
c:\users\evan\source\repos\emailserver\emailserver\emailserver.cpp(53): error C2039: 'cout': is not a member of 'std'
  c:\users\evan\source\repos\emailserver\emailserver\predefined c++ types (compiler internal)(238): note: see declaration of 'std'
c:\users\evan\source\repos\emailserver\emailserver\emailserver.cpp(53): error C2065: 'cout': undeclared identifier
c:\users\evan\source\repos\emailserver\emailserver\emailserver.cpp(54): error C2039: 'cout': is not a member of 'std'
  c:\users\evan\source\repos\emailserver\emailserver\predefined c++ types (compiler internal)(238): note: see declaration of 'std'
c:\users\evan\source\repos\emailserver\emailserver\emailserver.cpp(54): error C2065: 'cout': undeclared identifier
c:\users\evan\source\repos\emailserver\emailserver\emailserver.cpp(55): error C2039: 'cout': is not a member of 'std'
  c:\users\evan\source\repos\emailserver\emailserver\predefined c++ types (compiler internal)(238): note: see declaration of 'std'
c:\users\evan\source\repos\emailserver\emailserver\emailserver.cpp(55): error C2065: 'cout': undeclared identifier
c:\users\evan\source\repos\emailserver\emailserver\emailserver.cpp(56): error C2039: 'cout': is not a member of 'std'
  c:\users\evan\source\repos\emailserver\emailserver\predefined c++ types (compiler internal)(238): note: see declaration of 'std'
c:\users\evan\source\repos\emailserver\emailserver\emailserver.cpp(56): error C2065: 'cout': undeclared identifier
c:\users\evan\source\repos\emailserver\emailserver\emailserver.cpp(58): error C2039: 'cin': is not a member of 'std'
  c:\users\evan\source\repos\emailserver\emailserver\predefined c++ types (compiler internal)(238): note: see declaration of 'std'
c:\users\evan\source\repos\emailserver\emailserver\emailserver.cpp(58): error C2065: 'cin': undeclared identifier
c:\users\evan\source\repos\emailserver\emailserver\emailserver.cpp(58): error C2065: 'input': undeclared identifier
c:\users\evan\source\repos\emailserver\emailserver\emailserver.cpp(61): error C2065: 'input': undeclared identifier
c:\users\evan\source\repos\emailserver\emailserver\emailserver.cpp(61): error C3861: 'stoi': identifier not found
c:\users\evan\source\repos\emailserver\emailserver\emailserver.cpp(75): error C2039: 'invalid_argument': is not a member of 'std'
  c:\users\evan\source\repos\emailserver\emailserver\predefined c++ types (compiler internal)(238): note: see declaration of 'std'
c:\users\evan\source\repos\emailserver\emailserver\emailserver.cpp(75): error C2061: syntax error: identifier 'invalid_argument'
c:\users\evan\source\repos\emailserver\emailserver\emailserver.cpp(75): error C2310: catch handlers must specify one type
c:\users\evan\source\repos\emailserver\emailserver\emailserver.cpp(77): error C2039: 'cout': is not a member of 'std'
  c:\users\evan\source\repos\emailserver\emailserver\predefined c++ types (compiler internal)(238): note: see declaration of 'std'
c:\users\evan\source\repos\emailserver\emailserver\emailserver.cpp(77): error C2065: 'cout': undeclared identifier
c:\users\evan\source\repos\emailserver\emailserver\emailserver.cpp(77): error C2039: 'endl': is not a member of 'std'
  c:\users\evan\source\repos\emailserver\emailserver\predefined c++ types (compiler internal)(238): note: see declaration of 'std'
c:\users\evan\source\repos\emailserver\emailserver\emailserver.cpp(77): error C2065: 'endl': undeclared identifier
c:\users\evan\source\repos\emailserver\emailserver\emailserver.cpp(78): error C2039: 'cout': is not a member of 'std'
  c:\users\evan\source\repos\emailserver\emailserver\predefined c++ types (compiler internal)(238): note: see declaration of 'std'
c:\users\evan\source\repos\emailserver\emailserver\emailserver.cpp(78): error C2065: 'cout': undeclared identifier
c:\users\evan\source\repos\emailserver\emailserver\emailserver.cpp(78): error C2065: 'ia': undeclared identifier
c:\users\evan\source\repos\emailserver\emailserver\emailserver.cpp(78): error C2228: left of '.what' must have class/struct/union
  c:\users\evan\source\repos\emailserver\emailserver\emailserver.cpp(78): note: type is 'unknown-type'
c:\users\evan\source\repos\emailserver\emailserver\emailserver.cpp(78): error C2039: 'endl': is not a member of 'std'
  c:\users\evan\source\repos\emailserver\emailserver\predefined c++ types (compiler internal)(238): note: see declaration of 'std'
c:\users\evan\source\repos\emailserver\emailserver\emailserver.cpp(78): error C2065: 'endl': undeclared identifier
c:\users\evan\source\repos\emailserver\emailserver\emailserver.cpp(86): error C2039: 'string': is not a member of 'std'
  c:\users\evan\source\repos\emailserver\emailserver\predefined c++ types (compiler internal)(238): note: see declaration of 'std'
c:\users\evan\source\repos\emailserver\emailserver\emailserver.cpp(86): error C2146: syntax error: missing ';' before identifier 'username'
c:\users\evan\source\repos\emailserver\emailserver\emailserver.cpp(86): error C2065: 'username': undeclared identifier
c:\users\evan\source\repos\emailserver\emailserver\emailserver.cpp(87): error C2039: 'string': is not a member of 'std'
  c:\users\evan\source\repos\emailserver\emailserver\predefined c++ types (compiler internal)(238): note: see declaration of 'std'
c:\users\evan\source\repos\emailserver\emailserver\emailserver.cpp(87): error C2146: syntax error: missing ';' before identifier 'password'
c:\users\evan\source\repos\emailserver\emailserver\emailserver.cpp(87): error C2065: 'password': undeclared identifier
c:\users\evan\source\repos\emailserver\emailserver\emailserver.cpp(89): error C2039: 'string': is not a member of 'std'
  c:\users\evan\source\repos\emailserver\emailserver\predefined c++ types (compiler internal)(238): note: see declaration of 'std'
c:\users\evan\source\repos\emailserver\emailserver\emailserver.cpp(89): error C2146: syntax error: missing ';' before identifier 'user'
c:\users\evan\source\repos\emailserver\emailserver\emailserver.cpp(89): error C2065: 'user': undeclared identifier
c:\users\evan\source\repos\emailserver\emailserver\emailserver.cpp(90): error C2039: 'string': is not a member of 'std'
  c:\users\evan\source\repos\emailserver\emailserver\predefined c++ types (compiler internal)(238): note: see declaration of 'std'
c:\users\evan\source\repos\emailserver\emailserver\emailserver.cpp(90): error C2146: syntax error: missing ';' before identifier 'pwd'
c:\users\evan\source\repos\emailserver\emailserver\emailserver.cpp(90): error C2065: 'pwd': undeclared identifier
c:\users\evan\source\repos\emailserver\emailserver\emailserver.cpp(92): error C2039: 'cout': is not a member of 'std'
  c:\users\evan\source\repos\emailserver\emailserver\predefined c++ types (compiler internal)(238): note: see declaration of 'std'
c:\users\evan\source\repos\emailserver\emailserver\emailserver.cpp(92): error C2065: 'cout': undeclared identifier
c:\users\evan\source\repos\emailserver\emailserver\emailserver.cpp(93): error C2039: 'cin': is not a member of 'std'
  c:\users\evan\source\repos\emailserver\emailserver\predefined c++ types (compiler internal)(238): note: see declaration of 'std'
c:\users\evan\source\repos\emailserver\emailserver\emailserver.cpp(93): error C2065: 'cin': undeclared identifier
c:\users\evan\source\repos\emailserver\emailserver\emailserver.cpp(93): error C2065: 'username': undeclared identifier
c:\users\evan\source\repos\emailserver\emailserver\emailserver.cpp(95): error C2065: 'username': undeclared identifier
c:\users\evan\source\repos\emailserver\emailserver\emailserver.cpp(95): error C3861: 'DoesUserExist': identifier not found
c:\users\evan\source\repos\emailserver\emailserver\emailserver.cpp(97): error C2039: 'cout': is not a member of 'std'
  c:\users\evan\source\repos\emailserver\emailserver\predefined c++ types (compiler internal)(238): note: see declaration of 'std'
c:\users\evan\source\repos\emailserver\emailserver\emailserver.cpp(97): error C2065: 'cout': undeclared identifier
c:\users\evan\source\repos\emailserver\emailserver\emailserver.cpp(104): error C2039: 'cout': is not a member of 'std'
  c:\users\evan\source\repos\emailserver\emailserver\predefined c++ types (compiler internal)(238): note: see declaration of 'std'
c:\users\evan\source\repos\emailserver\emailserver\emailserver.cpp(104): error C2065: 'cout': undeclared identifier
c:\users\evan\source\repos\emailserver\emailserver\emailserver.cpp(105): error C2039: 'cin': is not a member of 'std'
  c:\users\evan\source\repos\emailserver\emailserver\predefined c++ types (compiler internal)(238): note: see declaration of 'std'
c:\users\evan\source\repos\emailserver\emailserver\emailserver.cpp(105): error C2065: 'cin': undeclared identifier
c:\users\evan\source\repos\emailserver\emailserver\emailserver.cpp(105): error C2065: 'password': undeclared identifier
c:\users\evan\source\repos\emailserver\emailserver\emailserver.cpp(109): error C2065: 'password': undeclared identifier
c:\users\evan\source\repos\emailserver\emailserver\emailserver.cpp(109): error C2065: 'username': undeclared identifier
c:\users\evan\source\repos\emailserver\emailserver\emailserver.cpp(109): error C3861: 'GetPassword': identifier not found
c:\users\evan\source\repos\emailserver\emailserver\emailserver.cpp(111): error C2065: 'username': undeclared identifier
c:\users\evan\source\repos\emailserver\emailserver\emailserver.cpp(111): error C3861: 'LoggedInMenu': identifier not found
c:\users\evan\source\repos\emailserver\emailserver\emailserver.cpp(115): error C2039: 'cout': is not a member of 'std'
  c:\users\evan\source\repos\emailserver\emailserver\predefined c++ types (compiler internal)(238): note: see declaration of 'std'
c:\users\evan\source\repos\emailserver\emailserver\emailserver.cpp(115): error C2065: 'cout': undeclared identifier
c:\users\evan\source\repos\emailserver\emailserver\emailserver.cpp(120): error C2039: 'string': is not a member of 'std'
  c:\users\evan\source\repos\emailserver\emailserver\predefined c++ types (compiler internal)(238): note: see declaration of 'std'
c:\users\evan\source\repos\emailserver\emailserver\emailserver.cpp(120): error C2146: syntax error: missing ')' before identifier 'username'
c:\users\evan\source\repos\emailserver\emailserver\emailserver.cpp(120): error C2039: 'ostream': is not a member of 'std'
  c:\users\evan\source\repos\emailserver\emailserver\predefined c++ types (compiler internal)(238): note: see declaration of 'std'
c:\users\evan\source\repos\emailserver\emailserver\emailserver.cpp(121): error C2143: syntax error: missing ';' before '{'
c:\users\evan\source\repos\emailserver\emailserver\emailserver.cpp(121): error C2447: '{': missing function header (old-style formal list?)
c:\users\evan\source\repos\emailserver\emailserver\emailserver.cpp(121): fatal error C1003: error count exceeds 100; stopping compilation
